TN:
SF:src/exercice1.js
FN:3,(anonymous_0)
FNF:1
FNH:1
FNDA:3,(anonymous_0)
DA:3,1
DA:5,3
DA:6,3
DA:9,3
DA:12,3
DA:13,6
DA:15,6
DA:20,6
DA:24,3
DA:25,1
DA:29,2
LF:11
LH:11
BRDA:13,0,0,6
BRDA:13,0,1,0
BRDA:24,1,0,1
BRDA:24,1,1,2
BRF:4
BRH:3
end_of_record
TN:
SF:src/exercice2.js
FN:3,(anonymous_0)
FNF:1
FNH:1
FNDA:2,(anonymous_0)
DA:3,1
DA:5,2
DA:6,2
DA:9,2
DA:12,2
DA:13,6
DA:15,6
DA:20,6
DA:25,2
LF:9
LH:9
BRDA:13,0,0,6
BRDA:13,0,1,0
BRF:2
BRH:1
end_of_record
TN:
SF:src/exercice3.js
FN:3,(anonymous_0)
FN:17,(anonymous_1)
FNF:2
FNH:2
FNDA:5,(anonymous_0)
FNDA:9,(anonymous_1)
DA:3,1
DA:6,5
DA:7,1
DA:8,1
DA:9,4
DA:10,3
DA:12,1
DA:15,4
DA:16,9
DA:17,9
DA:18,9
DA:19,3
DA:20,2
DA:22,1
DA:28,1
LF:15
LH:15
BRDA:6,0,0,1
BRDA:6,0,1,4
BRDA:9,1,0,3
BRDA:9,1,1,1
BRDA:16,2,0,9
BRDA:16,2,1,0
BRDA:18,3,0,3
BRDA:18,3,1,6
BRDA:19,4,0,2
BRDA:19,4,1,1
BRDA:19,5,0,3
BRDA:19,5,1,2
BRF:12
BRH:11
end_of_record
TN:
SF:src/exercice4.js
FN:3,(anonymous_0)
FN:8,(anonymous_1)
FN:9,(anonymous_2)
FNF:3
FNH:3
FNDA:3,(anonymous_0)
FNDA:6,(anonymous_1)
FNDA:4,(anonymous_2)
DA:3,1
DA:4,3
DA:5,3
DA:7,3
DA:8,3
DA:9,6
DA:10,4
DA:11,4
DA:16,3
DA:17,1
DA:20,2
LF:11
LH:11
BRDA:10,0,0,4
BRDA:10,0,1,0
BRDA:16,1,0,1
BRDA:16,1,1,2
BRF:4
BRH:3
end_of_record
