TN:
SF:src/callDependance.js
FN:1,(anonymous_0)
FNF:1
FNH:1
FNDA:2,(anonymous_0)
DA:1,3
DA:2,2
DA:5,3
LF:3
LH:3
BRF:0
BRH:0
end_of_record
TN:
SF:src/classes.js
FN:2,(anonymous_0)
FN:7,(anonymous_1)
FN:17,(anonymous_2)
FN:21,(anonymous_3)
FN:25,(anonymous_4)
FNF:5
FNH:5
FNDA:2,(anonymous_0)
FNDA:2,(anonymous_1)
FNDA:2,(anonymous_2)
FNDA:2,(anonymous_3)
FNDA:2,(anonymous_4)
DA:3,2
DA:4,2
DA:5,2
DA:8,2
DA:9,1
DA:10,0
DA:13,1
DA:18,2
DA:22,2
DA:26,2
DA:27,2
DA:28,2
DA:32,2
LF:13
LH:12
BRDA:8,0,0,1
BRDA:8,0,1,1
BRDA:9,1,0,0
BRDA:9,1,1,1
BRF:4
BRH:3
end_of_record
TN:
SF:src/exercice1.js
FN:3,(anonymous_0)
FNF:1
FNH:1
FNDA:5,(anonymous_0)
DA:3,1
DA:5,5
DA:6,5
DA:9,5
DA:12,5
DA:13,9
DA:15,9
DA:20,9
DA:24,5
DA:25,2
DA:29,3
LF:11
LH:11
BRDA:13,0,0,9
BRDA:13,0,1,0
BRDA:24,1,0,2
BRDA:24,1,1,3
BRF:4
BRH:3
end_of_record
TN:
SF:src/exercice2.js
FN:3,(anonymous_0)
FNF:1
FNH:1
FNDA:3,(anonymous_0)
DA:3,1
DA:5,3
DA:6,3
DA:9,3
DA:12,3
DA:13,9
DA:15,9
DA:20,9
DA:25,3
LF:9
LH:9
BRDA:13,0,0,9
BRDA:13,0,1,0
BRF:2
BRH:1
end_of_record
TN:
SF:src/exercice3.js
FN:3,(anonymous_0)
FN:17,(anonymous_1)
FNF:2
FNH:2
FNDA:9,(anonymous_0)
FNDA:18,(anonymous_1)
DA:3,1
DA:6,9
DA:7,5
DA:8,5
DA:9,4
DA:10,3
DA:12,1
DA:15,8
DA:16,18
DA:17,18
DA:18,18
DA:19,6
DA:20,4
DA:22,2
DA:28,2
LF:15
LH:15
BRDA:6,0,0,5
BRDA:6,0,1,4
BRDA:9,1,0,3
BRDA:9,1,1,1
BRDA:16,2,0,18
BRDA:16,2,1,0
BRDA:18,3,0,6
BRDA:18,3,1,12
BRDA:19,4,0,4
BRDA:19,4,1,2
BRDA:19,5,0,6
BRDA:19,5,1,4
BRF:12
BRH:11
end_of_record
TN:
SF:src/exercice4.js
FN:3,(anonymous_0)
FN:8,(anonymous_1)
FN:9,(anonymous_2)
FNF:3
FNH:3
FNDA:6,(anonymous_0)
FNDA:12,(anonymous_1)
FNDA:8,(anonymous_2)
DA:3,1
DA:4,6
DA:5,6
DA:7,6
DA:8,6
DA:9,12
DA:10,8
DA:11,8
DA:16,6
DA:17,2
DA:20,4
LF:11
LH:11
BRDA:10,0,0,8
BRDA:10,0,1,0
BRDA:16,1,0,2
BRDA:16,1,1,4
BRF:4
BRH:3
end_of_record
TN:
SF:src/strings.js
FN:1,sayHelloTo
FNF:1
FNH:1
FNDA:1,sayHelloTo
DA:2,1
LF:1
LH:1
BRF:0
BRH:0
end_of_record
TN:
SF:src/user.js
FN:4,(anonymous_0)
FN:10,(anonymous_1)
FN:23,(anonymous_2)
FNF:3
FNH:3
FNDA:4,(anonymous_0)
FNDA:1,(anonymous_1)
FNDA:2,(anonymous_2)
DA:1,1
DA:5,4
DA:6,4
DA:7,4
DA:11,1
DA:12,1
DA:16,1
DA:18,0
DA:19,0
DA:24,2
DA:25,1
DA:26,1
DA:27,1
DA:32,1
LF:14
LH:12
BRDA:24,0,0,1
BRDA:24,0,1,1
BRDA:26,1,0,1
BRDA:26,1,1,0
BRF:4
BRH:3
end_of_record
